[   37718ms] [ERROR] Failed to load resource: the server responded with a status of 500 (Internal Server Error) @ http://localhost:5174/api/v1/cases?status=&source_type=&keyword=&page=1&page_size=12:0
[   37720ms] [ERROR] [Workbench] fetchCases failed AxiosError: Request failed with status code 500
    at settle (http://localhost:5174/node_modules/.vite/deps/axios.js?v=52fe1b17:1534:12)
    at XMLHttpRequest.onloadend (http://localhost:5174/node_modules/.vite/deps/axios.js?v=52fe1b17:1997:7) @ http://localhost:5174/src/views/review/Workbench.vue:91
[   58412ms] [ERROR] Failed to load resource: the server responded with a status of 500 (Internal Server Error) @ http://localhost:5174/api/v1/cases?status=&source_type=&keyword=&page=1&page_size=12:0
[   58414ms] [ERROR] [Workbench] fetchCases failed AxiosError: Request failed with status code 500
    at settle (http://localhost:5174/node_modules/.vite/deps/axios.js?v=52fe1b17:1534:12)
    at XMLHttpRequest.onloadend (http://localhost:5174/node_modules/.vite/deps/axios.js?v=52fe1b17:1997:7) @ http://localhost:5174/src/views/review/Workbench.vue:91
[  194956ms] [ERROR] Failed to load resource: the server responded with a status of 500 (Internal Server Error) @ http://localhost:5174/api/v1/cases?status=&source_type=&keyword=&page=1&page_size=12:0
[  194957ms] [ERROR] [Workbench] fetchCases failed AxiosError: Request failed with status code 500
    at settle (http://localhost:5174/node_modules/.vite/deps/axios.js?v=52fe1b17:1534:12)
    at XMLHttpRequest.onloadend (http://localhost:5174/node_modules/.vite/deps/axios.js?v=52fe1b17:1997:7) @ http://localhost:5174/src/views/review/Workbench.vue:91
[  209649ms] [ERROR] Failed to load resource: the server responded with a status of 500 (Internal Server Error) @ http://localhost:5174/api/v1/cases?status=&source_type=&keyword=&page=1&page_size=12:0
[  209651ms] [ERROR] [Workbench] fetchCases failed AxiosError: Request failed with status code 500
    at settle (http://localhost:5174/node_modules/.vite/deps/axios.js?v=52fe1b17:1534:12)
    at XMLHttpRequest.onloadend (http://localhost:5174/node_modules/.vite/deps/axios.js?v=52fe1b17:1997:7) @ http://localhost:5174/src/views/review/Workbench.vue:91
[  224962ms] [ERROR] Failed to load resource: the server responded with a status of 500 (Internal Server Error) @ http://localhost:5174/api/v1/cases?status=&source_type=&keyword=&page=1&page_size=12:0
[  224963ms] [ERROR] [Workbench] fetchCases failed AxiosError: Request failed with status code 500
    at settle (http://localhost:5174/node_modules/.vite/deps/axios.js?v=52fe1b17:1534:12)
    at XMLHttpRequest.onloadend (http://localhost:5174/node_modules/.vite/deps/axios.js?v=52fe1b17:1997:7) @ http://localhost:5174/src/views/review/Workbench.vue:91
[  239649ms] [ERROR] Failed to load resource: the server responded with a status of 500 (Internal Server Error) @ http://localhost:5174/api/v1/cases?status=&source_type=&keyword=&page=1&page_size=12:0
[  239650ms] [ERROR] [Workbench] fetchCases failed AxiosError: Request failed with status code 500
    at settle (http://localhost:5174/node_modules/.vite/deps/axios.js?v=52fe1b17:1534:12)
    at XMLHttpRequest.onloadend (http://localhost:5174/node_modules/.vite/deps/axios.js?v=52fe1b17:1997:7) @ http://localhost:5174/src/views/review/Workbench.vue:91
[  254960ms] [ERROR] Failed to load resource: the server responded with a status of 500 (Internal Server Error) @ http://localhost:5174/api/v1/cases?status=&source_type=&keyword=&page=1&page_size=12:0
[  254961ms] [ERROR] [Workbench] fetchCases failed AxiosError: Request failed with status code 500
    at settle (http://localhost:5174/node_modules/.vite/deps/axios.js?v=52fe1b17:1534:12)
    at XMLHttpRequest.onloadend (http://localhost:5174/node_modules/.vite/deps/axios.js?v=52fe1b17:1997:7) @ http://localhost:5174/src/views/review/Workbench.vue:91
[  269647ms] [ERROR] Failed to load resource: the server responded with a status of 500 (Internal Server Error) @ http://localhost:5174/api/v1/cases?status=&source_type=&keyword=&page=1&page_size=12:0
[  269648ms] [ERROR] [Workbench] fetchCases failed AxiosError: Request failed with status code 500
    at settle (http://localhost:5174/node_modules/.vite/deps/axios.js?v=52fe1b17:1534:12)
    at XMLHttpRequest.onloadend (http://localhost:5174/node_modules/.vite/deps/axios.js?v=52fe1b17:1997:7) @ http://localhost:5174/src/views/review/Workbench.vue:91
[  284969ms] [ERROR] Failed to load resource: the server responded with a status of 500 (Internal Server Error) @ http://localhost:5174/api/v1/cases?status=&source_type=&keyword=&page=1&page_size=12:0
[  284971ms] [ERROR] [Workbench] fetchCases failed AxiosError: Request failed with status code 500
    at settle (http://localhost:5174/node_modules/.vite/deps/axios.js?v=52fe1b17:1534:12)
    at XMLHttpRequest.onloadend (http://localhost:5174/node_modules/.vite/deps/axios.js?v=52fe1b17:1997:7) @ http://localhost:5174/src/views/review/Workbench.vue:91
[  293700ms] [ERROR] Failed to load resource: the server responded with a status of 500 (Internal Server Error) @ http://localhost:5174/api/v1/cases?status=&source_type=&keyword=&page=1&page_size=12:0
[  293701ms] [ERROR] [Workbench] fetchCases failed AxiosError: Request failed with status code 500
    at settle (http://localhost:5174/node_modules/.vite/deps/axios.js?v=52fe1b17:1534:12)
    at XMLHttpRequest.onloadend (http://localhost:5174/node_modules/.vite/deps/axios.js?v=52fe1b17:1997:7) @ http://localhost:5174/src/views/review/Workbench.vue:91
[  312149ms] [ERROR] Failed to load resource: the server responded with a status of 500 (Internal Server Error) @ http://localhost:5174/api/v1/cases?status=&source_type=&keyword=&page=1&page_size=12:0
[  312150ms] [ERROR] [Workbench] fetchCases failed AxiosError: Request failed with status code 500
    at settle (http://localhost:5174/node_modules/.vite/deps/axios.js?v=52fe1b17:1534:12)
    at XMLHttpRequest.onloadend (http://localhost:5174/node_modules/.vite/deps/axios.js?v=52fe1b17:1997:7) @ http://localhost:5174/src/views/review/Workbench.vue:91
[  418967ms] [ERROR] Failed to load resource: the server responded with a status of 500 (Internal Server Error) @ http://localhost:5174/api/v1/cases?status=&source_type=&keyword=&page=1&page_size=12:0
[  418968ms] [ERROR] [Workbench] fetchCases failed AxiosError: Request failed with status code 500
    at settle (http://localhost:5174/node_modules/.vite/deps/axios.js?v=52fe1b17:1534:12)
    at XMLHttpRequest.onloadend (http://localhost:5174/node_modules/.vite/deps/axios.js?v=52fe1b17:1997:7) @ http://localhost:5174/src/views/review/Workbench.vue:91
[  431632ms] [ERROR] Failed to load resource: the server responded with a status of 500 (Internal Server Error) @ http://localhost:5174/api/v1/cases?status=&source_type=&keyword=&page=1&page_size=12:0
[  431633ms] [ERROR] [Workbench] fetchCases failed AxiosError: Request failed with status code 500
    at settle (http://localhost:5174/node_modules/.vite/deps/axios.js?v=52fe1b17:1534:12)
    at XMLHttpRequest.onloadend (http://localhost:5174/node_modules/.vite/deps/axios.js?v=52fe1b17:1997:7) @ http://localhost:5174/src/views/review/Workbench.vue:91
[  446328ms] [ERROR] Failed to load resource: the server responded with a status of 500 (Internal Server Error) @ http://localhost:5174/api/v1/cases?status=&source_type=&keyword=&page=1&page_size=12:0
[  446329ms] [ERROR] [Workbench] fetchCases failed AxiosError: Request failed with status code 500
    at settle (http://localhost:5174/node_modules/.vite/deps/axios.js?v=52fe1b17:1534:12)
    at XMLHttpRequest.onloadend (http://localhost:5174/node_modules/.vite/deps/axios.js?v=52fe1b17:1997:7) @ http://localhost:5174/src/views/review/Workbench.vue:91
[  461644ms] [ERROR] Failed to load resource: the server responded with a status of 500 (Internal Server Error) @ http://localhost:5174/api/v1/cases?status=&source_type=&keyword=&page=1&page_size=12:0
[  461645ms] [ERROR] [Workbench] fetchCases failed AxiosError: Request failed with status code 500
    at settle (http://localhost:5174/node_modules/.vite/deps/axios.js?v=52fe1b17:1534:12)
    at XMLHttpRequest.onloadend (http://localhost:5174/node_modules/.vite/deps/axios.js?v=52fe1b17:1997:7) @ http://localhost:5174/src/views/review/Workbench.vue:91
[  476325ms] [ERROR] Failed to load resource: the server responded with a status of 500 (Internal Server Error) @ http://localhost:5174/api/v1/cases?status=&source_type=&keyword=&page=1&page_size=12:0
[  476327ms] [ERROR] [Workbench] fetchCases failed AxiosError: Request failed with status code 500
    at settle (http://localhost:5174/node_modules/.vite/deps/axios.js?v=52fe1b17:1534:12)
    at XMLHttpRequest.onloadend (http://localhost:5174/node_modules/.vite/deps/axios.js?v=52fe1b17:1997:7) @ http://localhost:5174/src/views/review/Workbench.vue:91
[  489521ms] [ERROR] Failed to load resource: the server responded with a status of 500 (Internal Server Error) @ http://localhost:5174/api/v1/cases?status=&source_type=&keyword=&page=1&page_size=12:0
[  489522ms] [ERROR] [Workbench] fetchCases failed AxiosError: Request failed with status code 500
    at settle (http://localhost:5174/node_modules/.vite/deps/axios.js?v=52fe1b17:1534:12)
    at XMLHttpRequest.onloadend (http://localhost:5174/node_modules/.vite/deps/axios.js?v=52fe1b17:1997:7) @ http://localhost:5174/src/views/review/Workbench.vue:91
[  491811ms] [ERROR] Failed to load resource: the server responded with a status of 500 (Internal Server Error) @ http://localhost:5174/api/v1/cases?status=&source_type=&keyword=&page=1&page_size=12:0
[  491814ms] [ERROR] [Workbench] fetchCases failed AxiosError: Request failed with status code 500
    at settle (http://localhost:5174/node_modules/.vite/deps/axios.js?v=52fe1b17:1534:12)
    at XMLHttpRequest.onloadend (http://localhost:5174/node_modules/.vite/deps/axios.js?v=52fe1b17:1997:7) @ http://localhost:5174/src/views/review/Workbench.vue:91
